c:\users\autex\documents\visual studio 2013\projects\boardconsole\boardconsole\debug\vc120.pdb
c:\users\autex\documents\visual studio 2013\projects\boardconsole\boardconsole\debug\serialportreader.obj
c:\users\autex\documents\visual studio 2013\projects\boardconsole\boardconsole\debug\main.obj
c:\users\autex\documents\visual studio 2013\projects\boardconsole\boardconsole\debug\moc_serialportreader.obj
c:\users\autex\documents\visual studio 2013\projects\boardconsole\boardconsole\debug\moc_boardconsole.obj
c:\users\autex\documents\visual studio 2013\projects\boardconsole\boardconsole\debug\boardconsole.obj
c:\users\autex\documents\visual studio 2013\projects\boardconsole\boardconsole\debug\qrc_boardconsole.obj
c:\users\autex\documents\visual studio 2013\projects\boardconsole\boardconsole\generatedfiles\debug\moc_boardconsole.cpp
c:\users\autex\documents\visual studio 2013\projects\boardconsole\boardconsole\generatedfiles\ui_boardconsole.h
c:\users\autex\documents\visual studio 2013\projects\boardconsole\boardconsole\generatedfiles\debug\moc_serialportreader.cpp
c:\users\autex\documents\visual studio 2013\projects\boardconsole\boardconsole\generatedfiles\qrc_boardconsole.cpp
c:\users\autex\documents\visual studio 2013\projects\boardconsole\win32\debug\boardconsole.ilk
c:\users\autex\documents\visual studio 2013\projects\boardconsole\win32\debug\boardconsole.exe
c:\users\autex\documents\visual studio 2013\projects\boardconsole\win32\debug\boardconsole.pdb
c:\users\autex\documents\visual studio 2013\projects\boardconsole\boardconsole\debug\boardconsole.tlog\cl.command.1.tlog
c:\users\autex\documents\visual studio 2013\projects\boardconsole\boardconsole\debug\boardconsole.tlog\cl.read.1.tlog
c:\users\autex\documents\visual studio 2013\projects\boardconsole\boardconsole\debug\boardconsole.tlog\cl.write.1.tlog
c:\users\autex\documents\visual studio 2013\projects\boardconsole\boardconsole\debug\boardconsole.tlog\custombuild.command.1.tlog
c:\users\autex\documents\visual studio 2013\projects\boardconsole\boardconsole\debug\boardconsole.tlog\custombuild.read.1.tlog
c:\users\autex\documents\visual studio 2013\projects\boardconsole\boardconsole\debug\boardconsole.tlog\custombuild.write.1.tlog
c:\users\autex\documents\visual studio 2013\projects\boardconsole\boardconsole\debug\boardconsole.tlog\link.command.1.tlog
c:\users\autex\documents\visual studio 2013\projects\boardconsole\boardconsole\debug\boardconsole.tlog\link.read.1.tlog
c:\users\autex\documents\visual studio 2013\projects\boardconsole\boardconsole\debug\boardconsole.tlog\link.write.1.tlog
