\BOOKMARK [1][-]{section.1}{\376\377\004\022\004\062\004\065\004\064\004\065\004\075\004\070\004\065}{}% 1
\BOOKMARK [1][-]{section.2}{\376\377\004\037\004\076\004\101\004\102\004\060\004\075\004\076\004\062\004\072\004\060\000\040\004\067\004\060\004\064\004\060\004\107\004\070}{}% 2
\BOOKMARK [1][-]{section.3}{\376\377\004\032\004\076\004\075\004\101\004\102\004\100\004\103\004\072\004\106\004\070\004\117}{}% 3
\BOOKMARK [1][-]{section.4}{\376\377\004\030\004\067\004\074\004\065\004\100\004\070\004\102\004\065\004\073\004\114\004\075\004\113\004\071\000\040\004\061\004\073\004\076\004\072}{}% 4
\BOOKMARK [2][-]{subsection.4.1}{\376\377\004\035\004\060\004\061\004\076\004\100\000\040\004\064\004\060\004\102\004\107\004\070\004\072\004\076\004\062}{section.4}% 5
\BOOKMARK [2][-]{subsection.4.2}{\376\377\004\032\004\060\004\073\004\070\004\061\004\100\004\076\004\062\004\072\004\060}{section.4}% 6
\BOOKMARK [3][-]{subsubsection.4.2.1}{\376\377\004\020\004\072\004\101\004\065\004\073\004\065\004\100\004\076\004\074\004\065\004\102\004\100}{subsection.4.2}% 7
\BOOKMARK [3][-]{subsubsection.4.2.2}{\376\377\004\034\004\060\004\063\004\075\004\070\004\102\004\076\004\074\004\065\004\102\004\100}{subsection.4.2}% 8
\BOOKMARK [2][-]{subsection.4.3}{\376\377\004\036\004\106\004\065\004\075\004\072\004\060\000\040\004\076\004\100\004\070\004\065\004\075\004\102\004\060\004\106\004\070\004\070}{section.4}% 9
\BOOKMARK [3][-]{subsubsection.4.3.1}{\376\377\004\044\004\070\004\073\004\114\004\102\004\100\000\040\004\032\004\060\004\073\004\074\004\060\004\075\004\060}{subsection.4.3}% 10
\BOOKMARK [3][-]{subsubsection.4.3.2}{\376\377\004\040\004\060\004\101\004\110\004\070\004\100\004\065\004\075\004\075\004\113\004\071\000\040\004\104\004\070\004\073\004\114\004\102\004\100\000\040\004\032\004\060\004\073\004\074\004\060\004\075\004\060}{subsection.4.3}% 11
\BOOKMARK [3][-]{subsubsection.4.3.3}{\376\377\004\037\004\100\004\070\004\074\004\065\004\075\004\065\004\075\004\070\004\065}{subsection.4.3}% 12
\BOOKMARK [4][-]{subsubsubsection.4.3.3.1}{\376\377\004\055\004\102\004\060\004\077\000\040\004\115\004\072\004\101\004\102\004\100\004\060\004\077\004\076\004\073\004\117\004\106\004\070\004\070}{subsubsection.4.3.3}% 13
\BOOKMARK [4][-]{subsubsubsection.4.3.3.2}{\376\377\004\055\004\102\004\060\004\077\000\040\004\072\004\076\004\100\004\100\004\065\004\072\004\106\004\070\004\070}{subsubsection.4.3.3}% 14
\BOOKMARK [4][-]{subsubsubsection.4.3.3.3}{\376\377\004\035\004\065\004\077\004\076\004\073\004\075\004\113\004\065\000\040\004\070\004\067\004\074\004\065\004\100\004\065\004\075\004\070\004\117}{subsubsection.4.3.3}% 15
\BOOKMARK [4][-]{subsubsubsection.4.3.3.4}{\376\377\004\037\004\076\004\073\004\103\004\107\004\065\004\075\004\070\004\065\000\040\004\076\004\100\004\070\004\065\004\075\004\102\004\060\004\106\004\070\004\070}{subsubsection.4.3.3}% 16
\BOOKMARK [1][-]{section.5}{\376\377\004\030\004\064\004\065\004\075\004\102\004\070\004\104\004\070\004\072\004\060\004\106\004\070\004\117}{}% 17
\BOOKMARK [2][-]{subsection.5.1}{\376\377\004\036\004\106\004\065\004\075\004\072\004\060\000\040\004\070\004\067\000\040\004\077\004\100\004\076\004\101\004\102\004\065\004\071\004\110\004\065\004\071\000\040\004\104\004\070\004\067\004\070\004\072\004\070\000\040\004\070\000\040\004\063\004\065\004\076\004\074\004\065\004\102\004\100\004\070\004\070}{section.5}% 18
\BOOKMARK [3][-]{subsubsection.5.1.1}{\376\377\004\046\004\065\004\075\004\102\004\100\000\040\004\074\004\060\004\101\004\101}{subsection.5.1}% 19
\BOOKMARK [3][-]{subsubsection.5.1.2}{\376\377\004\046\004\065\004\075\004\102\004\100\000\040\004\077\004\073\004\060\004\062\004\103\004\107\004\065\004\101\004\102\004\070\000\040\004\076\004\102\000\040\004\103\004\063\004\073\004\060\000\040\004\075\004\060\004\072\004\073\004\076\004\075\004\060}{subsection.5.1}% 20
\BOOKMARK [4][-]{subsubsubsection.5.1.2.1}{\376\377\004\023\004\073\004\103\004\061\004\070\004\075\004\060\000\040\004\077\004\076\004\063\004\100\004\103\004\066\004\065\004\075\004\070\004\117}{subsubsection.5.1.2}% 21
\BOOKMARK [4][-]{subsubsubsection.5.1.2.2}{\376\377\004\037\004\073\004\076\004\111\004\060\004\064\004\114\000\040\004\077\004\076\004\064\004\062\004\076\004\064\004\075\004\076\004\071\000\040\004\107\004\060\004\101\004\102\004\070}{subsubsection.5.1.2}% 22
\BOOKMARK [3][-]{subsubsection.5.1.3}{\376\377\004\034\004\076\004\074\004\065\004\075\004\102\004\113\000\040\004\064\004\065\004\071\004\101\004\102\004\062\004\103\004\116\004\111\004\070\004\105\000\040\004\101\004\070\004\073}{subsection.5.1}% 23
\BOOKMARK [3][-]{subsubsection.5.1.4}{\376\377\004\034\004\076\004\074\004\065\004\075\004\102\000\040\004\070\004\075\004\065\004\100\004\106\004\070\004\070}{subsection.5.1}% 24
\BOOKMARK [3][-]{subsubsection.5.1.5}{\376\377\004\043\004\100\004\060\004\062\004\075\004\065\004\075\004\070\004\065\000\040\004\064\004\062\004\070\004\066\004\065\004\075\004\070\004\117}{subsection.5.1}% 25
\BOOKMARK [2][-]{subsection.5.2}{\376\377\004\034\004\076\004\102\004\076\004\100\004\113\000\040\004\070\000\040\004\062\004\070\004\075\004\102\004\113}{section.5}% 26
\BOOKMARK [2][-]{subsection.5.3}{\376\377\004\024\004\076\004\101\004\072\004\060}{section.5}% 27
\BOOKMARK [3][-]{subsubsection.5.3.1}{\376\377\004\034\004\060\004\117\004\102\004\075\004\070\004\072}{subsection.5.3}% 28
\BOOKMARK [3][-]{subsubsection.5.3.2}{\376\377\004\020\004\062\004\102\004\076\004\072\004\076\004\073\004\065\004\061\004\060\004\075\004\070\004\117}{subsection.5.3}% 29
\BOOKMARK [1][-]{section.6}{\376\377\004\041\004\102\004\060\004\061\004\070\004\073\004\070\004\067\004\060\004\106\004\070\004\117}{}% 30
\BOOKMARK [2][-]{subsection.6.1}{\376\377\004\027\004\060\004\077\004\060\004\101\004\113\000\040\004\103\004\101\004\102\004\076\004\071\004\107\004\070\004\062\004\076\004\101\004\102\004\070}{section.6}% 31
\BOOKMARK [2][-]{subsection.6.2}{\376\377\000D\000-\004\100\004\060\004\067\004\061\004\070\004\065\004\075\004\070\004\065}{section.6}% 32
\BOOKMARK [1][-]{section.7}{\376\377\004\040\004\065\004\067\004\103\004\073\004\114\004\102\004\060\004\102\004\113}{}% 33
\BOOKMARK [1][-]{section.8}{\376\377\004\024\004\060\004\073\004\114\004\075\004\065\004\071\004\110\004\070\004\065\000\040\004\077\004\073\004\060\004\075\004\113}{}% 34
